


ARM Macro Assembler    Page 1 


    1 00000000         ;/*!
    2 00000000         ;    \file    startup_gd32l301.s
    3 00000000         ;    \brief   start up file
    4 00000000         ;
    5 00000000         ;    \version 2020-09-17, V1.0.0, firmware for GD32L23x
    6 00000000         ;*/
    7 00000000         ;
    8 00000000         ;/*
    9 00000000         ;    Copyright (c) 2020, GigaDevice Semiconductor Inc.
   10 00000000         ;
   11 00000000         ;    Redistribution and use in source and binary forms, 
                       with or without modification, 
   12 00000000         ;are permitted provided that the following conditions ar
                       e met:
   13 00000000         ;
   14 00000000         ;    1. Redistributions of source code must retain the a
                       bove copyright notice, this 
   15 00000000         ;       list of conditions and the following disclaimer.
                       
   16 00000000         ;    2. Redistributions in binary form must reproduce th
                       e above copyright notice, 
   17 00000000         ;       this list of conditions and the following discla
                       imer in the documentation 
   18 00000000         ;       and/or other materials provided with the distrib
                       ution.
   19 00000000         ;    3. Neither the name of the copyright holder nor the
                        names of its contributors 
   20 00000000         ;       may be used to endorse or promote products deriv
                       ed from this software without 
   21 00000000         ;       specific prior written permission.
   22 00000000         ;
   23 00000000         ;    THIS SOFTWARE IS PROVIDED BY THE COPYRIGHT HOLDERS 
                       AND CONTRIBUTORS "AS IS" 
   24 00000000         ;AND ANY EXPRESS OR IMPLIED WARRANTIES, INCLUDING, BUT N
                       OT LIMITED TO, THE IMPLIED 
   25 00000000         ;WARRANTIES OF MERCHANTABILITY AND FITNESS FOR A PARTICU
                       LAR PURPOSE ARE DISCLAIMED. 
   26 00000000         ;IN NO EVENT SHALL THE COPYRIGHT HOLDER OR CONTRIBUTORS 
                       BE LIABLE FOR ANY DIRECT, 
   27 00000000         ;INDIRECT, INCIDENTAL, SPECIAL, EXEMPLARY, OR CONSEQUENT
                       IAL DAMAGES (INCLUDING, BUT 
   28 00000000         ;NOT LIMITED TO, PROCUREMENT OF SUBSTITUTE GOODS OR SERV
                       ICES; LOSS OF USE, DATA, OR 
   29 00000000         ;PROFITS; OR BUSINESS INTERRUPTION) HOWEVER CAUSED AND O
                       N ANY THEORY OF LIABILITY, 
   30 00000000         ;WHETHER IN CONTRACT, STRICT LIABILITY, OR TORT (INCLUDI
                       NG NEGLIGENCE OR OTHERWISE) 
   31 00000000         ;ARISING IN ANY WAY OUT OF THE USE OF THIS SOFTWARE, EVE
                       N IF ADVISED OF THE POSSIBILITY 
   32 00000000         ;OF SUCH DAMAGE.
   33 00000000         ;*/
   34 00000000         
   35 00000000         ; <h> Stack Configuration
   36 00000000         ;   <o> Stack Size (in Bytes) <0x0-0xFFFFFFFF:8>
   37 00000000         ; </h>
   38 00000000         
   39 00000000 00000400 
                       Stack_Size
                               EQU              0x00000400



ARM Macro Assembler    Page 2 


   40 00000000         
   41 00000000                 AREA             STACK, NOINIT, READWRITE, ALIGN
=3
   42 00000000         Stack_Mem
                               SPACE            Stack_Size
   43 00000400         __initial_sp
   44 00000400         
   45 00000400         
   46 00000400         ; <h> Heap Configuration
   47 00000400         ;   <o>  Heap Size (in Bytes) <0x0-0xFFFFFFFF:8>
   48 00000400         ; </h>
   49 00000400         
   50 00000400 00000400 
                       Heap_Size
                               EQU              0x00000400
   51 00000400         
   52 00000400                 AREA             HEAP, NOINIT, READWRITE, ALIGN=
3
   53 00000000         __heap_base
   54 00000000         Heap_Mem
                               SPACE            Heap_Size
   55 00000400         __heap_limit
   56 00000400         
   57 00000400                 PRESERVE8
   58 00000400                 THUMB
   59 00000400         
   60 00000400         ;               /* reset Vector Mapped to at Address 0 *
                       /
   61 00000400                 AREA             RESET, DATA, READONLY
   62 00000000                 EXPORT           __Vectors
   63 00000000                 EXPORT           __Vectors_End
   64 00000000                 EXPORT           __Vectors_Size
   65 00000000         
   66 00000000 00000000 
                       __Vectors
                               DCD              __initial_sp ; Top of Stack
   67 00000004 00000000        DCD              Reset_Handler ; Reset Handler
   68 00000008 00000000        DCD              NMI_Handler ; NMI Handler
   69 0000000C 00000000        DCD              HardFault_Handler ; Hard Fault 
                                                            Handler
   70 00000010 00000000        DCD              0           ; Reserved
   71 00000014 00000000        DCD              0           ; Reserved
   72 00000018 00000000        DCD              0           ; Reserved
   73 0000001C 00000000        DCD              0           ; Reserved
   74 00000020 00000000        DCD              0           ; Reserved
   75 00000024 00000000        DCD              0           ; Reserved
   76 00000028 00000000        DCD              0           ; Reserved
   77 0000002C 00000000        DCD              SVC_Handler ; SVCall Handler
   78 00000030 00000000        DCD              0           ; Reserved
   79 00000034 00000000        DCD              0           ; Reserved
   80 00000038 00000000        DCD              PendSV_Handler ; PendSV Handler
                                                            
   81 0000003C 00000000        DCD              SysTick_Handler 
                                                            ; SysTick Handler
   82 00000040         
   83 00000040         ;               /* external interrupts handler */
   84 00000040 00000000        DCD              WWDGT_IRQHandler ; 16:Window Wa
                                                            tchdog Timer
   85 00000044 00000000        DCD              LVD_IRQHandler ; 17:LVD through



ARM Macro Assembler    Page 3 


                                                             EXTI Line detect
   86 00000048 00000000        DCD              TAMPER_STAMP_IRQHandler ; 18:RT
                                                            C Tamper and TimeSt
                                                            amp through EXTI Li
                                                            ne detect
   87 0000004C 00000000        DCD              RTC_WKUP_IRQHandler ; 19:RTC Wa
                                                            keup from EXTI inte
                                                            rrupt
   88 00000050 00000000        DCD              FMC_IRQHandler ; 20:FMC global 
                                                            interrupt
   89 00000054 00000000        DCD              RCU_CTC_IRQHandler ; 21:RCU or 
                                                            CTC global interrup
                                                            t
   90 00000058 00000000        DCD              EXTI0_IRQHandler 
                                                            ; 22:EXTI Line 0
   91 0000005C 00000000        DCD              EXTI1_IRQHandler 
                                                            ; 23:EXTI Line 1
   92 00000060 00000000        DCD              EXTI2_IRQHandler 
                                                            ; 24:EXTI Line 2
   93 00000064 00000000        DCD              EXTI3_IRQHandler 
                                                            ; 25:EXTI Line 3
   94 00000068 00000000        DCD              EXTI4_IRQHandler 
                                                            ; 26:EXTI Line 4
   95 0000006C 00000000        DCD              DMA_Channel0_IRQHandler 
                                                            ; 27:DMA Channel 0 
                                                            
   96 00000070 00000000        DCD              DMA_Channel1_IRQHandler 
                                                            ; 28:DMA Channel 1 
                                                            
   97 00000074 00000000        DCD              DMA_Channel2_IRQHandler 
                                                            ; 29:DMA Channel 2 
                                                            
   98 00000078 00000000        DCD              DMA_Channel3_IRQHandler 
                                                            ; 30:DMA Channel 3 
                                                            
   99 0000007C 00000000        DCD              DMA_Channel4_IRQHandler 
                                                            ; 31:DMA Channel 4 
                                                            
  100 00000080 00000000        DCD              DMA_Channel5_IRQHandler 
                                                            ; 32:DMA Channel 5 
                                                            
  101 00000084 00000000        DCD              DMA_Channel6_IRQHandler 
                                                            ; 33:DMA Channel 6 
                                                            
  102 00000088 00000000        DCD              ADC_IRQHandler 
                                                            ; 34:ADC interrupt 
                                                            
  103 0000008C 00000000        DCD              USBD_HP_IRQHandler ; 35:USBD Hi
                                                            gh Priority interru
                                                            pt
  104 00000090 00000000        DCD              USBD_LP_IRQHandler ; 36:USBD Lo
                                                            w Priority interrup
                                                            t
  105 00000094 00000000        DCD              TIMER1_IRQHandler ; 37:TIMER1
  106 00000098 00000000        DCD              TIMER2_IRQHandler ; 38:TIMER2
  107 0000009C 00000000        DCD              TIMER8_IRQHandler ; 39:TIMER8
  108 000000A0 00000000        DCD              TIMER11_IRQHandler ; 40:TIMER11
                                                            
  109 000000A4 00000000        DCD              TIMER5_IRQHandler ; 41:TIMER5



ARM Macro Assembler    Page 4 


  110 000000A8 00000000        DCD              TIMER6_IRQHandler ; 42:TIMER6
  111 000000AC 00000000        DCD              USART0_IRQHandler ; 43:USART0
  112 000000B0 00000000        DCD              USART1_IRQHandler ; 44:USART1
  113 000000B4 00000000        DCD              UART3_IRQHandler ; 45:UART3
  114 000000B8 00000000        DCD              UART4_IRQHandler ; 46:UART4
  115 000000BC 00000000        DCD              I2C0_EV_IRQHandler 
                                                            ; 47:I2C0 Event
  116 000000C0 00000000        DCD              I2C0_ER_IRQHandler 
                                                            ; 48:I2C0 Error
  117 000000C4 00000000        DCD              I2C1_EV_IRQHandler 
                                                            ; 49:I2C1 Event
  118 000000C8 00000000        DCD              I2C1_ER_IRQHandler 
                                                            ; 50:I2C1 Error
  119 000000CC 00000000        DCD              SPI0_IRQHandler ; 51:SPI0
  120 000000D0 00000000        DCD              SPI1_IRQHandler ; 52:SPI1
  121 000000D4 00000000        DCD              DAC_IRQHandler ; 53:DAC
  122 000000D8 00000000        DCD              0           ; 54:Reserved
  123 000000DC 00000000        DCD              I2C2_EV_IRQHandler 
                                                            ; 55:I2C2 Event
  124 000000E0 00000000        DCD              I2C2_ER_IRQHandler 
                                                            ; 56:I2C2 Error
  125 000000E4 00000000        DCD              RTC_Alarm_IRQHandler ; 57:RTC A
                                                            larm through EXTI L
                                                            ine detect
  126 000000E8 00000000        DCD              USBD_WKUP_IRQHandler ; 58:USBD 
                                                            wakeup through EXTI
                                                             Line detect
  127 000000EC 00000000        DCD              EXTI5_9_IRQHandler 
                                                            ; 59:EXTI5 to EXTI9
                                                            
  128 000000F0 00000000        DCD              0           ; 60:Reserved
  129 000000F4 00000000        DCD              0           ; 61:Reserved
  130 000000F8 00000000        DCD              0           ; 62:Reserved
  131 000000FC 00000000        DCD              EXTI10_15_IRQHandler ; 63:EXTI1
                                                            0 to EXT15
  132 00000100 00000000        DCD              0           ; 64:Reserved
  133 00000104 00000000        DCD              0           ; 65:Reserved
  134 00000108 00000000        DCD              0           ; 66:Reserved
  135 0000010C 00000000        DCD              0           ; 67:Reserved
  136 00000110 00000000        DCD              0           ; 68:Reserved
  137 00000114 00000000        DCD              0           ; 69:Reserved
  138 00000118 00000000        DCD              0           ; 70:Reserved
  139 0000011C 00000000        DCD              DMAMUX_IRQHandler ; 71:Reserved
                                                            
  140 00000120 00000000        DCD              CMP0_IRQHandler ; 72:Comparator
                                                             0 interrupt throug
                                                            h EXTI Line detect
  141 00000124 00000000        DCD              CMP1_IRQHandler ; 73:Comparator
                                                             1 interrupt throug
                                                            h EXTI Line detect
  142 00000128 00000000        DCD              I2C0_WKUP_IRQHandler ; 74:I2C0 
                                                            Wakeup interrupt th
                                                            rough EXTI Line det
                                                            ect
  143 0000012C 00000000        DCD              I2C2_WKUP_IRQHandler ; 75:I2C2 
                                                            Wakeup interrupt th
                                                            rough EXTI Line det
                                                            ect
  144 00000130 00000000        DCD              USART0_WKUP_IRQHandler ; 76:USA



ARM Macro Assembler    Page 5 


                                                            RT0 Wakeup interrup
                                                            t through EXTI Line
                                                             detect
  145 00000134 00000000        DCD              LPUART_IRQHandler ; 77:LPUART g
                                                            lobal interrupt
  146 00000138 00000000        DCD              CAU_IRQHandler ; 78:CAU
  147 0000013C 00000000        DCD              TRNG_IRQHandler ; 79:TRNG
  148 00000140 00000000        DCD              SLCD_IRQHandler ; 80:SLCD
  149 00000144 00000000        DCD              USART1_WKUP_IRQHandler ; 81:USA
                                                            RT1 Wakeup interrup
                                                            t through EXTI Line
                                                             detect
  150 00000148 00000000        DCD              I2C1_WKUP_IRQHandler ; 82:I2C1 
                                                            Wakeup interrupt th
                                                            rough EXTI Line det
                                                            ect
  151 0000014C 00000000        DCD              LPUART_WKUP_IRQHandler ; 83:LPU
                                                            ART Wakeup interrup
                                                            t through EXTI Line
                                                             detect
  152 00000150 00000000        DCD              LPTIMER_IRQHandler ; 84:LPTIMER
                                                             interrupt 
  153 00000154         
  154 00000154         __Vectors_End
  155 00000154         
  156 00000154 00000154 
                       __Vectors_Size
                               EQU              __Vectors_End - __Vectors
  157 00000154         
  158 00000154                 AREA             |.text|, CODE, READONLY
  159 00000000         
  160 00000000         ;/* reset Handler */
  161 00000000         Reset_Handler
                               PROC
  162 00000000                 EXPORT           Reset_Handler                  
   [WEAK]
  163 00000000                 IMPORT           SystemInit
  164 00000000                 IMPORT           __main
  165 00000000 4804            LDR              R0, =SystemInit
  166 00000002 4780            BLX              R0
  167 00000004 4804            LDR              R0, =__main
  168 00000006 4700            BX               R0
  169 00000008                 ENDP
  170 00000008         
  171 00000008         ;/* dummy Exception Handlers */
  173 00000008         NMI_Handler
                               PROC
  174 00000008                 EXPORT           NMI_Handler                    
   [WEAK]
  175 00000008 E7FE            B                .
  176 0000000A                 ENDP
  178 0000000A         HardFault_Handler
                               PROC
  179 0000000A                 EXPORT           HardFault_Handler              
   [WEAK]
  180 0000000A E7FE            B                .
  181 0000000C                 ENDP
  183 0000000C         SVC_Handler
                               PROC



ARM Macro Assembler    Page 6 


  184 0000000C                 EXPORT           SVC_Handler                    
   [WEAK]
  185 0000000C E7FE            B                .
  186 0000000E                 ENDP
  188 0000000E         PendSV_Handler
                               PROC
  189 0000000E                 EXPORT           PendSV_Handler                 
   [WEAK]
  190 0000000E E7FE            B                .
  191 00000010                 ENDP
  193 00000010         SysTick_Handler
                               PROC
  194 00000010                 EXPORT           SysTick_Handler                
   [WEAK]
  195 00000010 E7FE            B                .
  196 00000012                 ENDP
  197 00000012         
  198 00000012         Default_Handler
                               PROC
  199 00000012         ;               /* external interrupts handler */
  200 00000012                 EXPORT           WWDGT_IRQHandler               
              [WEAK]
  201 00000012                 EXPORT           LVD_IRQHandler                 
              [WEAK]
  202 00000012                 EXPORT           TAMPER_STAMP_IRQHandler        
              [WEAK]
  203 00000012                 EXPORT           RTC_WKUP_IRQHandler            
              [WEAK]
  204 00000012                 EXPORT           FMC_IRQHandler                 
              [WEAK]
  205 00000012                 EXPORT           RCU_CTC_IRQHandler             
              [WEAK]
  206 00000012                 EXPORT           EXTI0_IRQHandler               
              [WEAK]
  207 00000012                 EXPORT           EXTI1_IRQHandler               
              [WEAK]
  208 00000012                 EXPORT           EXTI2_IRQHandler               
              [WEAK]
  209 00000012                 EXPORT           EXTI3_IRQHandler               
              [WEAK]
  210 00000012                 EXPORT           EXTI4_IRQHandler               
              [WEAK]
  211 00000012                 EXPORT           DMA_Channel0_IRQHandler        
              [WEAK]
  212 00000012                 EXPORT           DMA_Channel1_IRQHandler        
              [WEAK]
  213 00000012                 EXPORT           DMA_Channel2_IRQHandler        
              [WEAK]
  214 00000012                 EXPORT           DMA_Channel3_IRQHandler        
              [WEAK]
  215 00000012                 EXPORT           DMA_Channel4_IRQHandler        
              [WEAK]
  216 00000012                 EXPORT           DMA_Channel5_IRQHandler        
              [WEAK]
  217 00000012                 EXPORT           DMA_Channel6_IRQHandler        
              [WEAK]
  218 00000012                 EXPORT           ADC_IRQHandler                 
              [WEAK]
  219 00000012                 EXPORT           USBD_HP_IRQHandler             



ARM Macro Assembler    Page 7 


              [WEAK]
  220 00000012                 EXPORT           USBD_LP_IRQHandler             
              [WEAK]
  221 00000012                 EXPORT           TIMER1_IRQHandler              
              [WEAK]
  222 00000012                 EXPORT           TIMER2_IRQHandler              
              [WEAK]
  223 00000012                 EXPORT           TIMER8_IRQHandler              
              [WEAK]
  224 00000012                 EXPORT           TIMER11_IRQHandler             
              [WEAK]
  225 00000012                 EXPORT           TIMER5_IRQHandler              
              [WEAK]
  226 00000012                 EXPORT           TIMER6_IRQHandler              
              [WEAK]
  227 00000012                 EXPORT           USART0_IRQHandler              
              [WEAK]
  228 00000012                 EXPORT           USART1_IRQHandler              
              [WEAK]
  229 00000012                 EXPORT           UART3_IRQHandler               
              [WEAK]
  230 00000012                 EXPORT           UART4_IRQHandler               
              [WEAK]
  231 00000012                 EXPORT           I2C0_EV_IRQHandler             
              [WEAK]
  232 00000012                 EXPORT           I2C0_ER_IRQHandler             
              [WEAK]
  233 00000012                 EXPORT           I2C1_EV_IRQHandler             
              [WEAK]
  234 00000012                 EXPORT           I2C1_ER_IRQHandler             
              [WEAK]
  235 00000012                 EXPORT           SPI0_IRQHandler                
              [WEAK]
  236 00000012                 EXPORT           SPI1_IRQHandler                
              [WEAK]
  237 00000012                 EXPORT           DAC_IRQHandler                 
              [WEAK]
  238 00000012                 EXPORT           I2C2_EV_IRQHandler             
              [WEAK]
  239 00000012                 EXPORT           I2C2_ER_IRQHandler             
              [WEAK]
  240 00000012                 EXPORT           RTC_Alarm_IRQHandler           
              [WEAK]
  241 00000012                 EXPORT           USBD_WKUP_IRQHandler           
              [WEAK]
  242 00000012                 EXPORT           EXTI5_9_IRQHandler             
              [WEAK]
  243 00000012                 EXPORT           EXTI10_15_IRQHandler           
              [WEAK]
  244 00000012                 EXPORT           DMAMUX_IRQHandler              
              [WEAK]
  245 00000012                 EXPORT           CMP0_IRQHandler                
              [WEAK]
  246 00000012                 EXPORT           CMP1_IRQHandler                
              [WEAK]
  247 00000012                 EXPORT           I2C0_WKUP_IRQHandler           
              [WEAK]
  248 00000012                 EXPORT           I2C2_WKUP_IRQHandler           
              [WEAK]



ARM Macro Assembler    Page 8 


  249 00000012                 EXPORT           USART0_WKUP_IRQHandler         
              [WEAK]
  250 00000012                 EXPORT           LPUART_IRQHandler              
              [WEAK]
  251 00000012                 EXPORT           CAU_IRQHandler                 
              [WEAK]
  252 00000012                 EXPORT           TRNG_IRQHandler                
              [WEAK]
  253 00000012                 EXPORT           SLCD_IRQHandler                
              [WEAK]
  254 00000012                 EXPORT           USART1_WKUP_IRQHandler         
              [WEAK]
  255 00000012                 EXPORT           I2C1_WKUP_IRQHandler           
              [WEAK]
  256 00000012                 EXPORT           LPUART_WKUP_IRQHandler         
              [WEAK]
  257 00000012                 EXPORT           LPTIMER_IRQHandler             
              [WEAK]
  258 00000012         
  259 00000012         ;/* external interrupts handler */
  260 00000012         WWDGT_IRQHandler
  261 00000012         LVD_IRQHandler
  262 00000012         TAMPER_STAMP_IRQHandler
  263 00000012         RTC_WKUP_IRQHandler
  264 00000012         FMC_IRQHandler
  265 00000012         RCU_CTC_IRQHandler
  266 00000012         EXTI0_IRQHandler
  267 00000012         EXTI1_IRQHandler
  268 00000012         EXTI2_IRQHandler
  269 00000012         EXTI3_IRQHandler
  270 00000012         EXTI4_IRQHandler
  271 00000012         DMA_Channel0_IRQHandler
  272 00000012         DMA_Channel1_IRQHandler
  273 00000012         DMA_Channel2_IRQHandler
  274 00000012         DMA_Channel3_IRQHandler
  275 00000012         DMA_Channel4_IRQHandler
  276 00000012         DMA_Channel5_IRQHandler
  277 00000012         DMA_Channel6_IRQHandler
  278 00000012         ADC_IRQHandler
  279 00000012         USBD_HP_IRQHandler
  280 00000012         USBD_LP_IRQHandler
  281 00000012         TIMER1_IRQHandler
  282 00000012         TIMER2_IRQHandler
  283 00000012         TIMER8_IRQHandler
  284 00000012         TIMER11_IRQHandler
  285 00000012         TIMER5_IRQHandler
  286 00000012         TIMER6_IRQHandler
  287 00000012         USART0_IRQHandler
  288 00000012         USART1_IRQHandler
  289 00000012         UART3_IRQHandler
  290 00000012         UART4_IRQHandler
  291 00000012         I2C0_EV_IRQHandler
  292 00000012         I2C0_ER_IRQHandler
  293 00000012         I2C1_EV_IRQHandler
  294 00000012         I2C1_ER_IRQHandler
  295 00000012         SPI0_IRQHandler
  296 00000012         SPI1_IRQHandler
  297 00000012         DAC_IRQHandler
  298 00000012         I2C2_EV_IRQHandler



ARM Macro Assembler    Page 9 


  299 00000012         I2C2_ER_IRQHandler
  300 00000012         RTC_Alarm_IRQHandler
  301 00000012         USBD_WKUP_IRQHandler
  302 00000012         EXTI5_9_IRQHandler
  303 00000012         EXTI10_15_IRQHandler
  304 00000012         CMP0_IRQHandler
  305 00000012         CMP1_IRQHandler
  306 00000012         DMAMUX_IRQHandler
  307 00000012         I2C0_WKUP_IRQHandler
  308 00000012         I2C2_WKUP_IRQHandler
  309 00000012         USART0_WKUP_IRQHandler
  310 00000012         LPUART_IRQHandler
  311 00000012         CAU_IRQHandler
  312 00000012         TRNG_IRQHandler
  313 00000012         SLCD_IRQHandler
  314 00000012         USART1_WKUP_IRQHandler
  315 00000012         I2C1_WKUP_IRQHandler
  316 00000012         LPUART_WKUP_IRQHandler
  317 00000012         LPTIMER_IRQHandler
  318 00000012         
  319 00000012 E7FE            B                .
  320 00000014                 ENDP
  321 00000014         
  322 00000014                 ALIGN
  323 00000014         
  324 00000014         ; user Initial Stack & Heap
  325 00000014         
  326 00000014                 IF               :DEF:__MICROLIB
  327 00000014         
  328 00000014                 EXPORT           __initial_sp
  329 00000014                 EXPORT           __heap_base
  330 00000014                 EXPORT           __heap_limit
  331 00000014         
  332 00000014                 ELSE
  347                          ENDIF
  348 00000014         
  349 00000014                 END
              00000000 
              00000000 
Command Line: --debug --xref --diag_suppress=9931 --cpu=Cortex-M23 --depend=.\o
bjects\startup_gd32l23x.d -o.\objects\startup_gd32l23x.o -I.\RTE\_GD32L233C_STA
RT -IC:\Users\binean\AppData\Local\Arm\Packs\ARM\CMSIS\5.8.0\CMSIS\Core\Include
 --predefine="__MICROLIB SETA 1" --predefine="__UVISION_VERSION SETA 536" --pre
define="_RTE_ SETA 1" --predefine="_RTE_ SETA 1" --list=.\listings\startup_gd32
l23x.lst ..\..\..\..\GD32L23x_Firmware_Library\CMSIS\GD\GD32L23x\Source\ARM\sta
rtup_gd32l23x.s



ARM Macro Assembler    Page 1 Alphabetic symbol ordering
Relocatable symbols

STACK 00000000

Symbol: STACK
   Definitions
      At line 41 in file ..\..\..\..\GD32L23x_Firmware_Library\CMSIS\GD\GD32L23
x\Source\ARM\startup_gd32l23x.s
   Uses
      None
Comment: STACK unused
Stack_Mem 00000000

Symbol: Stack_Mem
   Definitions
      At line 42 in file ..\..\..\..\GD32L23x_Firmware_Library\CMSIS\GD\GD32L23
x\Source\ARM\startup_gd32l23x.s
   Uses
      None
Comment: Stack_Mem unused
__initial_sp 00000400

Symbol: __initial_sp
   Definitions
      At line 43 in file ..\..\..\..\GD32L23x_Firmware_Library\CMSIS\GD\GD32L23
x\Source\ARM\startup_gd32l23x.s
   Uses
      At line 66 in file ..\..\..\..\GD32L23x_Firmware_Library\CMSIS\GD\GD32L23
x\Source\ARM\startup_gd32l23x.s
      At line 328 in file ..\..\..\..\GD32L23x_Firmware_Library\CMSIS\GD\GD32L2
3x\Source\ARM\startup_gd32l23x.s

3 symbols



ARM Macro Assembler    Page 1 Alphabetic symbol ordering
Relocatable symbols

HEAP 00000000

Symbol: HEAP
   Definitions
      At line 52 in file ..\..\..\..\GD32L23x_Firmware_Library\CMSIS\GD\GD32L23
x\Source\ARM\startup_gd32l23x.s
   Uses
      None
Comment: HEAP unused
Heap_Mem 00000000

Symbol: Heap_Mem
   Definitions
      At line 54 in file ..\..\..\..\GD32L23x_Firmware_Library\CMSIS\GD\GD32L23
x\Source\ARM\startup_gd32l23x.s
   Uses
      None
Comment: Heap_Mem unused
__heap_base 00000000

Symbol: __heap_base
   Definitions
      At line 53 in file ..\..\..\..\GD32L23x_Firmware_Library\CMSIS\GD\GD32L23
x\Source\ARM\startup_gd32l23x.s
   Uses
      At line 329 in file ..\..\..\..\GD32L23x_Firmware_Library\CMSIS\GD\GD32L2
3x\Source\ARM\startup_gd32l23x.s
Comment: __heap_base used once
__heap_limit 00000400

Symbol: __heap_limit
   Definitions
      At line 55 in file ..\..\..\..\GD32L23x_Firmware_Library\CMSIS\GD\GD32L23
x\Source\ARM\startup_gd32l23x.s
   Uses
      At line 330 in file ..\..\..\..\GD32L23x_Firmware_Library\CMSIS\GD\GD32L2
3x\Source\ARM\startup_gd32l23x.s
Comment: __heap_limit used once
4 symbols



ARM Macro Assembler    Page 1 Alphabetic symbol ordering
Relocatable symbols

RESET 00000000

Symbol: RESET
   Definitions
      At line 61 in file ..\..\..\..\GD32L23x_Firmware_Library\CMSIS\GD\GD32L23
x\Source\ARM\startup_gd32l23x.s
   Uses
      None
Comment: RESET unused
__Vectors 00000000

Symbol: __Vectors
   Definitions
      At line 66 in file ..\..\..\..\GD32L23x_Firmware_Library\CMSIS\GD\GD32L23
x\Source\ARM\startup_gd32l23x.s
   Uses
      At line 62 in file ..\..\..\..\GD32L23x_Firmware_Library\CMSIS\GD\GD32L23
x\Source\ARM\startup_gd32l23x.s
      At line 156 in file ..\..\..\..\GD32L23x_Firmware_Library\CMSIS\GD\GD32L2
3x\Source\ARM\startup_gd32l23x.s

__Vectors_End 00000154

Symbol: __Vectors_End
   Definitions
      At line 154 in file ..\..\..\..\GD32L23x_Firmware_Library\CMSIS\GD\GD32L2
3x\Source\ARM\startup_gd32l23x.s
   Uses
      At line 63 in file ..\..\..\..\GD32L23x_Firmware_Library\CMSIS\GD\GD32L23
x\Source\ARM\startup_gd32l23x.s
      At line 156 in file ..\..\..\..\GD32L23x_Firmware_Library\CMSIS\GD\GD32L2
3x\Source\ARM\startup_gd32l23x.s

3 symbols



ARM Macro Assembler    Page 1 Alphabetic symbol ordering
Relocatable symbols

.text 00000000

Symbol: .text
   Definitions
      At line 158 in file ..\..\..\..\GD32L23x_Firmware_Library\CMSIS\GD\GD32L2
3x\Source\ARM\startup_gd32l23x.s
   Uses
      None
Comment: .text unused
ADC_IRQHandler 00000012

Symbol: ADC_IRQHandler
   Definitions
      At line 278 in file ..\..\..\..\GD32L23x_Firmware_Library\CMSIS\GD\GD32L2
3x\Source\ARM\startup_gd32l23x.s
   Uses
      At line 102 in file ..\..\..\..\GD32L23x_Firmware_Library\CMSIS\GD\GD32L2
3x\Source\ARM\startup_gd32l23x.s
      At line 218 in file ..\..\..\..\GD32L23x_Firmware_Library\CMSIS\GD\GD32L2
3x\Source\ARM\startup_gd32l23x.s

CAU_IRQHandler 00000012

Symbol: CAU_IRQHandler
   Definitions
      At line 311 in file ..\..\..\..\GD32L23x_Firmware_Library\CMSIS\GD\GD32L2
3x\Source\ARM\startup_gd32l23x.s
   Uses
      At line 146 in file ..\..\..\..\GD32L23x_Firmware_Library\CMSIS\GD\GD32L2
3x\Source\ARM\startup_gd32l23x.s
      At line 251 in file ..\..\..\..\GD32L23x_Firmware_Library\CMSIS\GD\GD32L2
3x\Source\ARM\startup_gd32l23x.s

CMP0_IRQHandler 00000012

Symbol: CMP0_IRQHandler
   Definitions
      At line 304 in file ..\..\..\..\GD32L23x_Firmware_Library\CMSIS\GD\GD32L2
3x\Source\ARM\startup_gd32l23x.s
   Uses
      At line 140 in file ..\..\..\..\GD32L23x_Firmware_Library\CMSIS\GD\GD32L2
3x\Source\ARM\startup_gd32l23x.s
      At line 245 in file ..\..\..\..\GD32L23x_Firmware_Library\CMSIS\GD\GD32L2
3x\Source\ARM\startup_gd32l23x.s

CMP1_IRQHandler 00000012

Symbol: CMP1_IRQHandler
   Definitions
      At line 305 in file ..\..\..\..\GD32L23x_Firmware_Library\CMSIS\GD\GD32L2
3x\Source\ARM\startup_gd32l23x.s
   Uses
      At line 141 in file ..\..\..\..\GD32L23x_Firmware_Library\CMSIS\GD\GD32L2
3x\Source\ARM\startup_gd32l23x.s
      At line 246 in file ..\..\..\..\GD32L23x_Firmware_Library\CMSIS\GD\GD32L2
3x\Source\ARM\startup_gd32l23x.s

DAC_IRQHandler 00000012




ARM Macro Assembler    Page 2 Alphabetic symbol ordering
Relocatable symbols

Symbol: DAC_IRQHandler
   Definitions
      At line 297 in file ..\..\..\..\GD32L23x_Firmware_Library\CMSIS\GD\GD32L2
3x\Source\ARM\startup_gd32l23x.s
   Uses
      At line 121 in file ..\..\..\..\GD32L23x_Firmware_Library\CMSIS\GD\GD32L2
3x\Source\ARM\startup_gd32l23x.s
      At line 237 in file ..\..\..\..\GD32L23x_Firmware_Library\CMSIS\GD\GD32L2
3x\Source\ARM\startup_gd32l23x.s

DMAMUX_IRQHandler 00000012

Symbol: DMAMUX_IRQHandler
   Definitions
      At line 306 in file ..\..\..\..\GD32L23x_Firmware_Library\CMSIS\GD\GD32L2
3x\Source\ARM\startup_gd32l23x.s
   Uses
      At line 139 in file ..\..\..\..\GD32L23x_Firmware_Library\CMSIS\GD\GD32L2
3x\Source\ARM\startup_gd32l23x.s
      At line 244 in file ..\..\..\..\GD32L23x_Firmware_Library\CMSIS\GD\GD32L2
3x\Source\ARM\startup_gd32l23x.s

DMA_Channel0_IRQHandler 00000012

Symbol: DMA_Channel0_IRQHandler
   Definitions
      At line 271 in file ..\..\..\..\GD32L23x_Firmware_Library\CMSIS\GD\GD32L2
3x\Source\ARM\startup_gd32l23x.s
   Uses
      At line 95 in file ..\..\..\..\GD32L23x_Firmware_Library\CMSIS\GD\GD32L23
x\Source\ARM\startup_gd32l23x.s
      At line 211 in file ..\..\..\..\GD32L23x_Firmware_Library\CMSIS\GD\GD32L2
3x\Source\ARM\startup_gd32l23x.s

DMA_Channel1_IRQHandler 00000012

Symbol: DMA_Channel1_IRQHandler
   Definitions
      At line 272 in file ..\..\..\..\GD32L23x_Firmware_Library\CMSIS\GD\GD32L2
3x\Source\ARM\startup_gd32l23x.s
   Uses
      At line 96 in file ..\..\..\..\GD32L23x_Firmware_Library\CMSIS\GD\GD32L23
x\Source\ARM\startup_gd32l23x.s
      At line 212 in file ..\..\..\..\GD32L23x_Firmware_Library\CMSIS\GD\GD32L2
3x\Source\ARM\startup_gd32l23x.s

DMA_Channel2_IRQHandler 00000012

Symbol: DMA_Channel2_IRQHandler
   Definitions
      At line 273 in file ..\..\..\..\GD32L23x_Firmware_Library\CMSIS\GD\GD32L2
3x\Source\ARM\startup_gd32l23x.s
   Uses
      At line 97 in file ..\..\..\..\GD32L23x_Firmware_Library\CMSIS\GD\GD32L23
x\Source\ARM\startup_gd32l23x.s
      At line 213 in file ..\..\..\..\GD32L23x_Firmware_Library\CMSIS\GD\GD32L2
3x\Source\ARM\startup_gd32l23x.s

DMA_Channel3_IRQHandler 00000012



ARM Macro Assembler    Page 3 Alphabetic symbol ordering
Relocatable symbols


Symbol: DMA_Channel3_IRQHandler
   Definitions
      At line 274 in file ..\..\..\..\GD32L23x_Firmware_Library\CMSIS\GD\GD32L2
3x\Source\ARM\startup_gd32l23x.s
   Uses
      At line 98 in file ..\..\..\..\GD32L23x_Firmware_Library\CMSIS\GD\GD32L23
x\Source\ARM\startup_gd32l23x.s
      At line 214 in file ..\..\..\..\GD32L23x_Firmware_Library\CMSIS\GD\GD32L2
3x\Source\ARM\startup_gd32l23x.s

DMA_Channel4_IRQHandler 00000012

Symbol: DMA_Channel4_IRQHandler
   Definitions
      At line 275 in file ..\..\..\..\GD32L23x_Firmware_Library\CMSIS\GD\GD32L2
3x\Source\ARM\startup_gd32l23x.s
   Uses
      At line 99 in file ..\..\..\..\GD32L23x_Firmware_Library\CMSIS\GD\GD32L23
x\Source\ARM\startup_gd32l23x.s
      At line 215 in file ..\..\..\..\GD32L23x_Firmware_Library\CMSIS\GD\GD32L2
3x\Source\ARM\startup_gd32l23x.s

DMA_Channel5_IRQHandler 00000012

Symbol: DMA_Channel5_IRQHandler
   Definitions
      At line 276 in file ..\..\..\..\GD32L23x_Firmware_Library\CMSIS\GD\GD32L2
3x\Source\ARM\startup_gd32l23x.s
   Uses
      At line 100 in file ..\..\..\..\GD32L23x_Firmware_Library\CMSIS\GD\GD32L2
3x\Source\ARM\startup_gd32l23x.s
      At line 216 in file ..\..\..\..\GD32L23x_Firmware_Library\CMSIS\GD\GD32L2
3x\Source\ARM\startup_gd32l23x.s

DMA_Channel6_IRQHandler 00000012

Symbol: DMA_Channel6_IRQHandler
   Definitions
      At line 277 in file ..\..\..\..\GD32L23x_Firmware_Library\CMSIS\GD\GD32L2
3x\Source\ARM\startup_gd32l23x.s
   Uses
      At line 101 in file ..\..\..\..\GD32L23x_Firmware_Library\CMSIS\GD\GD32L2
3x\Source\ARM\startup_gd32l23x.s
      At line 217 in file ..\..\..\..\GD32L23x_Firmware_Library\CMSIS\GD\GD32L2
3x\Source\ARM\startup_gd32l23x.s

Default_Handler 00000012

Symbol: Default_Handler
   Definitions
      At line 198 in file ..\..\..\..\GD32L23x_Firmware_Library\CMSIS\GD\GD32L2
3x\Source\ARM\startup_gd32l23x.s
   Uses
      None
Comment: Default_Handler unused
EXTI0_IRQHandler 00000012

Symbol: EXTI0_IRQHandler



ARM Macro Assembler    Page 4 Alphabetic symbol ordering
Relocatable symbols

   Definitions
      At line 266 in file ..\..\..\..\GD32L23x_Firmware_Library\CMSIS\GD\GD32L2
3x\Source\ARM\startup_gd32l23x.s
   Uses
      At line 90 in file ..\..\..\..\GD32L23x_Firmware_Library\CMSIS\GD\GD32L23
x\Source\ARM\startup_gd32l23x.s
      At line 206 in file ..\..\..\..\GD32L23x_Firmware_Library\CMSIS\GD\GD32L2
3x\Source\ARM\startup_gd32l23x.s

EXTI10_15_IRQHandler 00000012

Symbol: EXTI10_15_IRQHandler
   Definitions
      At line 303 in file ..\..\..\..\GD32L23x_Firmware_Library\CMSIS\GD\GD32L2
3x\Source\ARM\startup_gd32l23x.s
   Uses
      At line 131 in file ..\..\..\..\GD32L23x_Firmware_Library\CMSIS\GD\GD32L2
3x\Source\ARM\startup_gd32l23x.s
      At line 243 in file ..\..\..\..\GD32L23x_Firmware_Library\CMSIS\GD\GD32L2
3x\Source\ARM\startup_gd32l23x.s

EXTI1_IRQHandler 00000012

Symbol: EXTI1_IRQHandler
   Definitions
      At line 267 in file ..\..\..\..\GD32L23x_Firmware_Library\CMSIS\GD\GD32L2
3x\Source\ARM\startup_gd32l23x.s
   Uses
      At line 91 in file ..\..\..\..\GD32L23x_Firmware_Library\CMSIS\GD\GD32L23
x\Source\ARM\startup_gd32l23x.s
      At line 207 in file ..\..\..\..\GD32L23x_Firmware_Library\CMSIS\GD\GD32L2
3x\Source\ARM\startup_gd32l23x.s

EXTI2_IRQHandler 00000012

Symbol: EXTI2_IRQHandler
   Definitions
      At line 268 in file ..\..\..\..\GD32L23x_Firmware_Library\CMSIS\GD\GD32L2
3x\Source\ARM\startup_gd32l23x.s
   Uses
      At line 92 in file ..\..\..\..\GD32L23x_Firmware_Library\CMSIS\GD\GD32L23
x\Source\ARM\startup_gd32l23x.s
      At line 208 in file ..\..\..\..\GD32L23x_Firmware_Library\CMSIS\GD\GD32L2
3x\Source\ARM\startup_gd32l23x.s

EXTI3_IRQHandler 00000012

Symbol: EXTI3_IRQHandler
   Definitions
      At line 269 in file ..\..\..\..\GD32L23x_Firmware_Library\CMSIS\GD\GD32L2
3x\Source\ARM\startup_gd32l23x.s
   Uses
      At line 93 in file ..\..\..\..\GD32L23x_Firmware_Library\CMSIS\GD\GD32L23
x\Source\ARM\startup_gd32l23x.s
      At line 209 in file ..\..\..\..\GD32L23x_Firmware_Library\CMSIS\GD\GD32L2
3x\Source\ARM\startup_gd32l23x.s

EXTI4_IRQHandler 00000012




ARM Macro Assembler    Page 5 Alphabetic symbol ordering
Relocatable symbols

Symbol: EXTI4_IRQHandler
   Definitions
      At line 270 in file ..\..\..\..\GD32L23x_Firmware_Library\CMSIS\GD\GD32L2
3x\Source\ARM\startup_gd32l23x.s
   Uses
      At line 94 in file ..\..\..\..\GD32L23x_Firmware_Library\CMSIS\GD\GD32L23
x\Source\ARM\startup_gd32l23x.s
      At line 210 in file ..\..\..\..\GD32L23x_Firmware_Library\CMSIS\GD\GD32L2
3x\Source\ARM\startup_gd32l23x.s

EXTI5_9_IRQHandler 00000012

Symbol: EXTI5_9_IRQHandler
   Definitions
      At line 302 in file ..\..\..\..\GD32L23x_Firmware_Library\CMSIS\GD\GD32L2
3x\Source\ARM\startup_gd32l23x.s
   Uses
      At line 127 in file ..\..\..\..\GD32L23x_Firmware_Library\CMSIS\GD\GD32L2
3x\Source\ARM\startup_gd32l23x.s
      At line 242 in file ..\..\..\..\GD32L23x_Firmware_Library\CMSIS\GD\GD32L2
3x\Source\ARM\startup_gd32l23x.s

FMC_IRQHandler 00000012

Symbol: FMC_IRQHandler
   Definitions
      At line 264 in file ..\..\..\..\GD32L23x_Firmware_Library\CMSIS\GD\GD32L2
3x\Source\ARM\startup_gd32l23x.s
   Uses
      At line 88 in file ..\..\..\..\GD32L23x_Firmware_Library\CMSIS\GD\GD32L23
x\Source\ARM\startup_gd32l23x.s
      At line 204 in file ..\..\..\..\GD32L23x_Firmware_Library\CMSIS\GD\GD32L2
3x\Source\ARM\startup_gd32l23x.s

HardFault_Handler 0000000A

Symbol: HardFault_Handler
   Definitions
      At line 178 in file ..\..\..\..\GD32L23x_Firmware_Library\CMSIS\GD\GD32L2
3x\Source\ARM\startup_gd32l23x.s
   Uses
      At line 69 in file ..\..\..\..\GD32L23x_Firmware_Library\CMSIS\GD\GD32L23
x\Source\ARM\startup_gd32l23x.s
      At line 179 in file ..\..\..\..\GD32L23x_Firmware_Library\CMSIS\GD\GD32L2
3x\Source\ARM\startup_gd32l23x.s

I2C0_ER_IRQHandler 00000012

Symbol: I2C0_ER_IRQHandler
   Definitions
      At line 292 in file ..\..\..\..\GD32L23x_Firmware_Library\CMSIS\GD\GD32L2
3x\Source\ARM\startup_gd32l23x.s
   Uses
      At line 116 in file ..\..\..\..\GD32L23x_Firmware_Library\CMSIS\GD\GD32L2
3x\Source\ARM\startup_gd32l23x.s
      At line 232 in file ..\..\..\..\GD32L23x_Firmware_Library\CMSIS\GD\GD32L2
3x\Source\ARM\startup_gd32l23x.s

I2C0_EV_IRQHandler 00000012



ARM Macro Assembler    Page 6 Alphabetic symbol ordering
Relocatable symbols


Symbol: I2C0_EV_IRQHandler
   Definitions
      At line 291 in file ..\..\..\..\GD32L23x_Firmware_Library\CMSIS\GD\GD32L2
3x\Source\ARM\startup_gd32l23x.s
   Uses
      At line 115 in file ..\..\..\..\GD32L23x_Firmware_Library\CMSIS\GD\GD32L2
3x\Source\ARM\startup_gd32l23x.s
      At line 231 in file ..\..\..\..\GD32L23x_Firmware_Library\CMSIS\GD\GD32L2
3x\Source\ARM\startup_gd32l23x.s

I2C0_WKUP_IRQHandler 00000012

Symbol: I2C0_WKUP_IRQHandler
   Definitions
      At line 307 in file ..\..\..\..\GD32L23x_Firmware_Library\CMSIS\GD\GD32L2
3x\Source\ARM\startup_gd32l23x.s
   Uses
      At line 142 in file ..\..\..\..\GD32L23x_Firmware_Library\CMSIS\GD\GD32L2
3x\Source\ARM\startup_gd32l23x.s
      At line 247 in file ..\..\..\..\GD32L23x_Firmware_Library\CMSIS\GD\GD32L2
3x\Source\ARM\startup_gd32l23x.s

I2C1_ER_IRQHandler 00000012

Symbol: I2C1_ER_IRQHandler
   Definitions
      At line 294 in file ..\..\..\..\GD32L23x_Firmware_Library\CMSIS\GD\GD32L2
3x\Source\ARM\startup_gd32l23x.s
   Uses
      At line 118 in file ..\..\..\..\GD32L23x_Firmware_Library\CMSIS\GD\GD32L2
3x\Source\ARM\startup_gd32l23x.s
      At line 234 in file ..\..\..\..\GD32L23x_Firmware_Library\CMSIS\GD\GD32L2
3x\Source\ARM\startup_gd32l23x.s

I2C1_EV_IRQHandler 00000012

Symbol: I2C1_EV_IRQHandler
   Definitions
      At line 293 in file ..\..\..\..\GD32L23x_Firmware_Library\CMSIS\GD\GD32L2
3x\Source\ARM\startup_gd32l23x.s
   Uses
      At line 117 in file ..\..\..\..\GD32L23x_Firmware_Library\CMSIS\GD\GD32L2
3x\Source\ARM\startup_gd32l23x.s
      At line 233 in file ..\..\..\..\GD32L23x_Firmware_Library\CMSIS\GD\GD32L2
3x\Source\ARM\startup_gd32l23x.s

I2C1_WKUP_IRQHandler 00000012

Symbol: I2C1_WKUP_IRQHandler
   Definitions
      At line 315 in file ..\..\..\..\GD32L23x_Firmware_Library\CMSIS\GD\GD32L2
3x\Source\ARM\startup_gd32l23x.s
   Uses
      At line 150 in file ..\..\..\..\GD32L23x_Firmware_Library\CMSIS\GD\GD32L2
3x\Source\ARM\startup_gd32l23x.s
      At line 255 in file ..\..\..\..\GD32L23x_Firmware_Library\CMSIS\GD\GD32L2
3x\Source\ARM\startup_gd32l23x.s




ARM Macro Assembler    Page 7 Alphabetic symbol ordering
Relocatable symbols

I2C2_ER_IRQHandler 00000012

Symbol: I2C2_ER_IRQHandler
   Definitions
      At line 299 in file ..\..\..\..\GD32L23x_Firmware_Library\CMSIS\GD\GD32L2
3x\Source\ARM\startup_gd32l23x.s
   Uses
      At line 124 in file ..\..\..\..\GD32L23x_Firmware_Library\CMSIS\GD\GD32L2
3x\Source\ARM\startup_gd32l23x.s
      At line 239 in file ..\..\..\..\GD32L23x_Firmware_Library\CMSIS\GD\GD32L2
3x\Source\ARM\startup_gd32l23x.s

I2C2_EV_IRQHandler 00000012

Symbol: I2C2_EV_IRQHandler
   Definitions
      At line 298 in file ..\..\..\..\GD32L23x_Firmware_Library\CMSIS\GD\GD32L2
3x\Source\ARM\startup_gd32l23x.s
   Uses
      At line 123 in file ..\..\..\..\GD32L23x_Firmware_Library\CMSIS\GD\GD32L2
3x\Source\ARM\startup_gd32l23x.s
      At line 238 in file ..\..\..\..\GD32L23x_Firmware_Library\CMSIS\GD\GD32L2
3x\Source\ARM\startup_gd32l23x.s

I2C2_WKUP_IRQHandler 00000012

Symbol: I2C2_WKUP_IRQHandler
   Definitions
      At line 308 in file ..\..\..\..\GD32L23x_Firmware_Library\CMSIS\GD\GD32L2
3x\Source\ARM\startup_gd32l23x.s
   Uses
      At line 143 in file ..\..\..\..\GD32L23x_Firmware_Library\CMSIS\GD\GD32L2
3x\Source\ARM\startup_gd32l23x.s
      At line 248 in file ..\..\..\..\GD32L23x_Firmware_Library\CMSIS\GD\GD32L2
3x\Source\ARM\startup_gd32l23x.s

LPTIMER_IRQHandler 00000012

Symbol: LPTIMER_IRQHandler
   Definitions
      At line 317 in file ..\..\..\..\GD32L23x_Firmware_Library\CMSIS\GD\GD32L2
3x\Source\ARM\startup_gd32l23x.s
   Uses
      At line 152 in file ..\..\..\..\GD32L23x_Firmware_Library\CMSIS\GD\GD32L2
3x\Source\ARM\startup_gd32l23x.s
      At line 257 in file ..\..\..\..\GD32L23x_Firmware_Library\CMSIS\GD\GD32L2
3x\Source\ARM\startup_gd32l23x.s

LPUART_IRQHandler 00000012

Symbol: LPUART_IRQHandler
   Definitions
      At line 310 in file ..\..\..\..\GD32L23x_Firmware_Library\CMSIS\GD\GD32L2
3x\Source\ARM\startup_gd32l23x.s
   Uses
      At line 145 in file ..\..\..\..\GD32L23x_Firmware_Library\CMSIS\GD\GD32L2
3x\Source\ARM\startup_gd32l23x.s
      At line 250 in file ..\..\..\..\GD32L23x_Firmware_Library\CMSIS\GD\GD32L2
3x\Source\ARM\startup_gd32l23x.s



ARM Macro Assembler    Page 8 Alphabetic symbol ordering
Relocatable symbols


LPUART_WKUP_IRQHandler 00000012

Symbol: LPUART_WKUP_IRQHandler
   Definitions
      At line 316 in file ..\..\..\..\GD32L23x_Firmware_Library\CMSIS\GD\GD32L2
3x\Source\ARM\startup_gd32l23x.s
   Uses
      At line 151 in file ..\..\..\..\GD32L23x_Firmware_Library\CMSIS\GD\GD32L2
3x\Source\ARM\startup_gd32l23x.s
      At line 256 in file ..\..\..\..\GD32L23x_Firmware_Library\CMSIS\GD\GD32L2
3x\Source\ARM\startup_gd32l23x.s

LVD_IRQHandler 00000012

Symbol: LVD_IRQHandler
   Definitions
      At line 261 in file ..\..\..\..\GD32L23x_Firmware_Library\CMSIS\GD\GD32L2
3x\Source\ARM\startup_gd32l23x.s
   Uses
      At line 85 in file ..\..\..\..\GD32L23x_Firmware_Library\CMSIS\GD\GD32L23
x\Source\ARM\startup_gd32l23x.s
      At line 201 in file ..\..\..\..\GD32L23x_Firmware_Library\CMSIS\GD\GD32L2
3x\Source\ARM\startup_gd32l23x.s

NMI_Handler 00000008

Symbol: NMI_Handler
   Definitions
      At line 173 in file ..\..\..\..\GD32L23x_Firmware_Library\CMSIS\GD\GD32L2
3x\Source\ARM\startup_gd32l23x.s
   Uses
      At line 68 in file ..\..\..\..\GD32L23x_Firmware_Library\CMSIS\GD\GD32L23
x\Source\ARM\startup_gd32l23x.s
      At line 174 in file ..\..\..\..\GD32L23x_Firmware_Library\CMSIS\GD\GD32L2
3x\Source\ARM\startup_gd32l23x.s

PendSV_Handler 0000000E

Symbol: PendSV_Handler
   Definitions
      At line 188 in file ..\..\..\..\GD32L23x_Firmware_Library\CMSIS\GD\GD32L2
3x\Source\ARM\startup_gd32l23x.s
   Uses
      At line 80 in file ..\..\..\..\GD32L23x_Firmware_Library\CMSIS\GD\GD32L23
x\Source\ARM\startup_gd32l23x.s
      At line 189 in file ..\..\..\..\GD32L23x_Firmware_Library\CMSIS\GD\GD32L2
3x\Source\ARM\startup_gd32l23x.s

RCU_CTC_IRQHandler 00000012

Symbol: RCU_CTC_IRQHandler
   Definitions
      At line 265 in file ..\..\..\..\GD32L23x_Firmware_Library\CMSIS\GD\GD32L2
3x\Source\ARM\startup_gd32l23x.s
   Uses
      At line 89 in file ..\..\..\..\GD32L23x_Firmware_Library\CMSIS\GD\GD32L23
x\Source\ARM\startup_gd32l23x.s
      At line 205 in file ..\..\..\..\GD32L23x_Firmware_Library\CMSIS\GD\GD32L2



ARM Macro Assembler    Page 9 Alphabetic symbol ordering
Relocatable symbols

3x\Source\ARM\startup_gd32l23x.s

RTC_Alarm_IRQHandler 00000012

Symbol: RTC_Alarm_IRQHandler
   Definitions
      At line 300 in file ..\..\..\..\GD32L23x_Firmware_Library\CMSIS\GD\GD32L2
3x\Source\ARM\startup_gd32l23x.s
   Uses
      At line 125 in file ..\..\..\..\GD32L23x_Firmware_Library\CMSIS\GD\GD32L2
3x\Source\ARM\startup_gd32l23x.s
      At line 240 in file ..\..\..\..\GD32L23x_Firmware_Library\CMSIS\GD\GD32L2
3x\Source\ARM\startup_gd32l23x.s

RTC_WKUP_IRQHandler 00000012

Symbol: RTC_WKUP_IRQHandler
   Definitions
      At line 263 in file ..\..\..\..\GD32L23x_Firmware_Library\CMSIS\GD\GD32L2
3x\Source\ARM\startup_gd32l23x.s
   Uses
      At line 87 in file ..\..\..\..\GD32L23x_Firmware_Library\CMSIS\GD\GD32L23
x\Source\ARM\startup_gd32l23x.s
      At line 203 in file ..\..\..\..\GD32L23x_Firmware_Library\CMSIS\GD\GD32L2
3x\Source\ARM\startup_gd32l23x.s

Reset_Handler 00000000

Symbol: Reset_Handler
   Definitions
      At line 161 in file ..\..\..\..\GD32L23x_Firmware_Library\CMSIS\GD\GD32L2
3x\Source\ARM\startup_gd32l23x.s
   Uses
      At line 67 in file ..\..\..\..\GD32L23x_Firmware_Library\CMSIS\GD\GD32L23
x\Source\ARM\startup_gd32l23x.s
      At line 162 in file ..\..\..\..\GD32L23x_Firmware_Library\CMSIS\GD\GD32L2
3x\Source\ARM\startup_gd32l23x.s

SLCD_IRQHandler 00000012

Symbol: SLCD_IRQHandler
   Definitions
      At line 313 in file ..\..\..\..\GD32L23x_Firmware_Library\CMSIS\GD\GD32L2
3x\Source\ARM\startup_gd32l23x.s
   Uses
      At line 148 in file ..\..\..\..\GD32L23x_Firmware_Library\CMSIS\GD\GD32L2
3x\Source\ARM\startup_gd32l23x.s
      At line 253 in file ..\..\..\..\GD32L23x_Firmware_Library\CMSIS\GD\GD32L2
3x\Source\ARM\startup_gd32l23x.s

SPI0_IRQHandler 00000012

Symbol: SPI0_IRQHandler
   Definitions
      At line 295 in file ..\..\..\..\GD32L23x_Firmware_Library\CMSIS\GD\GD32L2
3x\Source\ARM\startup_gd32l23x.s
   Uses
      At line 119 in file ..\..\..\..\GD32L23x_Firmware_Library\CMSIS\GD\GD32L2
3x\Source\ARM\startup_gd32l23x.s



ARM Macro Assembler    Page 10 Alphabetic symbol ordering
Relocatable symbols

      At line 235 in file ..\..\..\..\GD32L23x_Firmware_Library\CMSIS\GD\GD32L2
3x\Source\ARM\startup_gd32l23x.s

SPI1_IRQHandler 00000012

Symbol: SPI1_IRQHandler
   Definitions
      At line 296 in file ..\..\..\..\GD32L23x_Firmware_Library\CMSIS\GD\GD32L2
3x\Source\ARM\startup_gd32l23x.s
   Uses
      At line 120 in file ..\..\..\..\GD32L23x_Firmware_Library\CMSIS\GD\GD32L2
3x\Source\ARM\startup_gd32l23x.s
      At line 236 in file ..\..\..\..\GD32L23x_Firmware_Library\CMSIS\GD\GD32L2
3x\Source\ARM\startup_gd32l23x.s

SVC_Handler 0000000C

Symbol: SVC_Handler
   Definitions
      At line 183 in file ..\..\..\..\GD32L23x_Firmware_Library\CMSIS\GD\GD32L2
3x\Source\ARM\startup_gd32l23x.s
   Uses
      At line 77 in file ..\..\..\..\GD32L23x_Firmware_Library\CMSIS\GD\GD32L23
x\Source\ARM\startup_gd32l23x.s
      At line 184 in file ..\..\..\..\GD32L23x_Firmware_Library\CMSIS\GD\GD32L2
3x\Source\ARM\startup_gd32l23x.s

SysTick_Handler 00000010

Symbol: SysTick_Handler
   Definitions
      At line 193 in file ..\..\..\..\GD32L23x_Firmware_Library\CMSIS\GD\GD32L2
3x\Source\ARM\startup_gd32l23x.s
   Uses
      At line 81 in file ..\..\..\..\GD32L23x_Firmware_Library\CMSIS\GD\GD32L23
x\Source\ARM\startup_gd32l23x.s
      At line 194 in file ..\..\..\..\GD32L23x_Firmware_Library\CMSIS\GD\GD32L2
3x\Source\ARM\startup_gd32l23x.s

TAMPER_STAMP_IRQHandler 00000012

Symbol: TAMPER_STAMP_IRQHandler
   Definitions
      At line 262 in file ..\..\..\..\GD32L23x_Firmware_Library\CMSIS\GD\GD32L2
3x\Source\ARM\startup_gd32l23x.s
   Uses
      At line 86 in file ..\..\..\..\GD32L23x_Firmware_Library\CMSIS\GD\GD32L23
x\Source\ARM\startup_gd32l23x.s
      At line 202 in file ..\..\..\..\GD32L23x_Firmware_Library\CMSIS\GD\GD32L2
3x\Source\ARM\startup_gd32l23x.s

TIMER11_IRQHandler 00000012

Symbol: TIMER11_IRQHandler
   Definitions
      At line 284 in file ..\..\..\..\GD32L23x_Firmware_Library\CMSIS\GD\GD32L2
3x\Source\ARM\startup_gd32l23x.s
   Uses
      At line 108 in file ..\..\..\..\GD32L23x_Firmware_Library\CMSIS\GD\GD32L2



ARM Macro Assembler    Page 11 Alphabetic symbol ordering
Relocatable symbols

3x\Source\ARM\startup_gd32l23x.s
      At line 224 in file ..\..\..\..\GD32L23x_Firmware_Library\CMSIS\GD\GD32L2
3x\Source\ARM\startup_gd32l23x.s

TIMER1_IRQHandler 00000012

Symbol: TIMER1_IRQHandler
   Definitions
      At line 281 in file ..\..\..\..\GD32L23x_Firmware_Library\CMSIS\GD\GD32L2
3x\Source\ARM\startup_gd32l23x.s
   Uses
      At line 105 in file ..\..\..\..\GD32L23x_Firmware_Library\CMSIS\GD\GD32L2
3x\Source\ARM\startup_gd32l23x.s
      At line 221 in file ..\..\..\..\GD32L23x_Firmware_Library\CMSIS\GD\GD32L2
3x\Source\ARM\startup_gd32l23x.s

TIMER2_IRQHandler 00000012

Symbol: TIMER2_IRQHandler
   Definitions
      At line 282 in file ..\..\..\..\GD32L23x_Firmware_Library\CMSIS\GD\GD32L2
3x\Source\ARM\startup_gd32l23x.s
   Uses
      At line 106 in file ..\..\..\..\GD32L23x_Firmware_Library\CMSIS\GD\GD32L2
3x\Source\ARM\startup_gd32l23x.s
      At line 222 in file ..\..\..\..\GD32L23x_Firmware_Library\CMSIS\GD\GD32L2
3x\Source\ARM\startup_gd32l23x.s

TIMER5_IRQHandler 00000012

Symbol: TIMER5_IRQHandler
   Definitions
      At line 285 in file ..\..\..\..\GD32L23x_Firmware_Library\CMSIS\GD\GD32L2
3x\Source\ARM\startup_gd32l23x.s
   Uses
      At line 109 in file ..\..\..\..\GD32L23x_Firmware_Library\CMSIS\GD\GD32L2
3x\Source\ARM\startup_gd32l23x.s
      At line 225 in file ..\..\..\..\GD32L23x_Firmware_Library\CMSIS\GD\GD32L2
3x\Source\ARM\startup_gd32l23x.s

TIMER6_IRQHandler 00000012

Symbol: TIMER6_IRQHandler
   Definitions
      At line 286 in file ..\..\..\..\GD32L23x_Firmware_Library\CMSIS\GD\GD32L2
3x\Source\ARM\startup_gd32l23x.s
   Uses
      At line 110 in file ..\..\..\..\GD32L23x_Firmware_Library\CMSIS\GD\GD32L2
3x\Source\ARM\startup_gd32l23x.s
      At line 226 in file ..\..\..\..\GD32L23x_Firmware_Library\CMSIS\GD\GD32L2
3x\Source\ARM\startup_gd32l23x.s

TIMER8_IRQHandler 00000012

Symbol: TIMER8_IRQHandler
   Definitions
      At line 283 in file ..\..\..\..\GD32L23x_Firmware_Library\CMSIS\GD\GD32L2
3x\Source\ARM\startup_gd32l23x.s
   Uses



ARM Macro Assembler    Page 12 Alphabetic symbol ordering
Relocatable symbols

      At line 107 in file ..\..\..\..\GD32L23x_Firmware_Library\CMSIS\GD\GD32L2
3x\Source\ARM\startup_gd32l23x.s
      At line 223 in file ..\..\..\..\GD32L23x_Firmware_Library\CMSIS\GD\GD32L2
3x\Source\ARM\startup_gd32l23x.s

TRNG_IRQHandler 00000012

Symbol: TRNG_IRQHandler
   Definitions
      At line 312 in file ..\..\..\..\GD32L23x_Firmware_Library\CMSIS\GD\GD32L2
3x\Source\ARM\startup_gd32l23x.s
   Uses
      At line 147 in file ..\..\..\..\GD32L23x_Firmware_Library\CMSIS\GD\GD32L2
3x\Source\ARM\startup_gd32l23x.s
      At line 252 in file ..\..\..\..\GD32L23x_Firmware_Library\CMSIS\GD\GD32L2
3x\Source\ARM\startup_gd32l23x.s

UART3_IRQHandler 00000012

Symbol: UART3_IRQHandler
   Definitions
      At line 289 in file ..\..\..\..\GD32L23x_Firmware_Library\CMSIS\GD\GD32L2
3x\Source\ARM\startup_gd32l23x.s
   Uses
      At line 113 in file ..\..\..\..\GD32L23x_Firmware_Library\CMSIS\GD\GD32L2
3x\Source\ARM\startup_gd32l23x.s
      At line 229 in file ..\..\..\..\GD32L23x_Firmware_Library\CMSIS\GD\GD32L2
3x\Source\ARM\startup_gd32l23x.s

UART4_IRQHandler 00000012

Symbol: UART4_IRQHandler
   Definitions
      At line 290 in file ..\..\..\..\GD32L23x_Firmware_Library\CMSIS\GD\GD32L2
3x\Source\ARM\startup_gd32l23x.s
   Uses
      At line 114 in file ..\..\..\..\GD32L23x_Firmware_Library\CMSIS\GD\GD32L2
3x\Source\ARM\startup_gd32l23x.s
      At line 230 in file ..\..\..\..\GD32L23x_Firmware_Library\CMSIS\GD\GD32L2
3x\Source\ARM\startup_gd32l23x.s

USART0_IRQHandler 00000012

Symbol: USART0_IRQHandler
   Definitions
      At line 287 in file ..\..\..\..\GD32L23x_Firmware_Library\CMSIS\GD\GD32L2
3x\Source\ARM\startup_gd32l23x.s
   Uses
      At line 111 in file ..\..\..\..\GD32L23x_Firmware_Library\CMSIS\GD\GD32L2
3x\Source\ARM\startup_gd32l23x.s
      At line 227 in file ..\..\..\..\GD32L23x_Firmware_Library\CMSIS\GD\GD32L2
3x\Source\ARM\startup_gd32l23x.s

USART0_WKUP_IRQHandler 00000012

Symbol: USART0_WKUP_IRQHandler
   Definitions
      At line 309 in file ..\..\..\..\GD32L23x_Firmware_Library\CMSIS\GD\GD32L2
3x\Source\ARM\startup_gd32l23x.s



ARM Macro Assembler    Page 13 Alphabetic symbol ordering
Relocatable symbols

   Uses
      At line 144 in file ..\..\..\..\GD32L23x_Firmware_Library\CMSIS\GD\GD32L2
3x\Source\ARM\startup_gd32l23x.s
      At line 249 in file ..\..\..\..\GD32L23x_Firmware_Library\CMSIS\GD\GD32L2
3x\Source\ARM\startup_gd32l23x.s

USART1_IRQHandler 00000012

Symbol: USART1_IRQHandler
   Definitions
      At line 288 in file ..\..\..\..\GD32L23x_Firmware_Library\CMSIS\GD\GD32L2
3x\Source\ARM\startup_gd32l23x.s
   Uses
      At line 112 in file ..\..\..\..\GD32L23x_Firmware_Library\CMSIS\GD\GD32L2
3x\Source\ARM\startup_gd32l23x.s
      At line 228 in file ..\..\..\..\GD32L23x_Firmware_Library\CMSIS\GD\GD32L2
3x\Source\ARM\startup_gd32l23x.s

USART1_WKUP_IRQHandler 00000012

Symbol: USART1_WKUP_IRQHandler
   Definitions
      At line 314 in file ..\..\..\..\GD32L23x_Firmware_Library\CMSIS\GD\GD32L2
3x\Source\ARM\startup_gd32l23x.s
   Uses
      At line 149 in file ..\..\..\..\GD32L23x_Firmware_Library\CMSIS\GD\GD32L2
3x\Source\ARM\startup_gd32l23x.s
      At line 254 in file ..\..\..\..\GD32L23x_Firmware_Library\CMSIS\GD\GD32L2
3x\Source\ARM\startup_gd32l23x.s

USBD_HP_IRQHandler 00000012

Symbol: USBD_HP_IRQHandler
   Definitions
      At line 279 in file ..\..\..\..\GD32L23x_Firmware_Library\CMSIS\GD\GD32L2
3x\Source\ARM\startup_gd32l23x.s
   Uses
      At line 103 in file ..\..\..\..\GD32L23x_Firmware_Library\CMSIS\GD\GD32L2
3x\Source\ARM\startup_gd32l23x.s
      At line 219 in file ..\..\..\..\GD32L23x_Firmware_Library\CMSIS\GD\GD32L2
3x\Source\ARM\startup_gd32l23x.s

USBD_LP_IRQHandler 00000012

Symbol: USBD_LP_IRQHandler
   Definitions
      At line 280 in file ..\..\..\..\GD32L23x_Firmware_Library\CMSIS\GD\GD32L2
3x\Source\ARM\startup_gd32l23x.s
   Uses
      At line 104 in file ..\..\..\..\GD32L23x_Firmware_Library\CMSIS\GD\GD32L2
3x\Source\ARM\startup_gd32l23x.s
      At line 220 in file ..\..\..\..\GD32L23x_Firmware_Library\CMSIS\GD\GD32L2
3x\Source\ARM\startup_gd32l23x.s

USBD_WKUP_IRQHandler 00000012

Symbol: USBD_WKUP_IRQHandler
   Definitions
      At line 301 in file ..\..\..\..\GD32L23x_Firmware_Library\CMSIS\GD\GD32L2



ARM Macro Assembler    Page 14 Alphabetic symbol ordering
Relocatable symbols

3x\Source\ARM\startup_gd32l23x.s
   Uses
      At line 126 in file ..\..\..\..\GD32L23x_Firmware_Library\CMSIS\GD\GD32L2
3x\Source\ARM\startup_gd32l23x.s
      At line 241 in file ..\..\..\..\GD32L23x_Firmware_Library\CMSIS\GD\GD32L2
3x\Source\ARM\startup_gd32l23x.s

WWDGT_IRQHandler 00000012

Symbol: WWDGT_IRQHandler
   Definitions
      At line 260 in file ..\..\..\..\GD32L23x_Firmware_Library\CMSIS\GD\GD32L2
3x\Source\ARM\startup_gd32l23x.s
   Uses
      At line 84 in file ..\..\..\..\GD32L23x_Firmware_Library\CMSIS\GD\GD32L23
x\Source\ARM\startup_gd32l23x.s
      At line 200 in file ..\..\..\..\GD32L23x_Firmware_Library\CMSIS\GD\GD32L2
3x\Source\ARM\startup_gd32l23x.s

66 symbols



ARM Macro Assembler    Page 1 Alphabetic symbol ordering
Absolute symbols

Heap_Size 00000400

Symbol: Heap_Size
   Definitions
      At line 50 in file ..\..\..\..\GD32L23x_Firmware_Library\CMSIS\GD\GD32L23
x\Source\ARM\startup_gd32l23x.s
   Uses
      At line 54 in file ..\..\..\..\GD32L23x_Firmware_Library\CMSIS\GD\GD32L23
x\Source\ARM\startup_gd32l23x.s
Comment: Heap_Size used once
Stack_Size 00000400

Symbol: Stack_Size
   Definitions
      At line 39 in file ..\..\..\..\GD32L23x_Firmware_Library\CMSIS\GD\GD32L23
x\Source\ARM\startup_gd32l23x.s
   Uses
      At line 42 in file ..\..\..\..\GD32L23x_Firmware_Library\CMSIS\GD\GD32L23
x\Source\ARM\startup_gd32l23x.s
Comment: Stack_Size used once
__Vectors_Size 00000154

Symbol: __Vectors_Size
   Definitions
      At line 156 in file ..\..\..\..\GD32L23x_Firmware_Library\CMSIS\GD\GD32L2
3x\Source\ARM\startup_gd32l23x.s
   Uses
      At line 64 in file ..\..\..\..\GD32L23x_Firmware_Library\CMSIS\GD\GD32L23
x\Source\ARM\startup_gd32l23x.s
Comment: __Vectors_Size used once
3 symbols



ARM Macro Assembler    Page 1 Alphabetic symbol ordering
External symbols

SystemInit 00000000

Symbol: SystemInit
   Definitions
      At line 163 in file ..\..\..\..\GD32L23x_Firmware_Library\CMSIS\GD\GD32L2
3x\Source\ARM\startup_gd32l23x.s
   Uses
      At line 165 in file ..\..\..\..\GD32L23x_Firmware_Library\CMSIS\GD\GD32L2
3x\Source\ARM\startup_gd32l23x.s
Comment: SystemInit used once
__main 00000000

Symbol: __main
   Definitions
      At line 164 in file ..\..\..\..\GD32L23x_Firmware_Library\CMSIS\GD\GD32L2
3x\Source\ARM\startup_gd32l23x.s
   Uses
      At line 167 in file ..\..\..\..\GD32L23x_Firmware_Library\CMSIS\GD\GD32L2
3x\Source\ARM\startup_gd32l23x.s
Comment: __main used once
2 symbols
416 symbols in table
